<?xml version="1.0" encoding="UTF-8"?>
<testsuite xmlns:xsi="http://www.w3.org/2001/XMLSchema-instance" xsi:noNamespaceSchemaLocation="https://maven.apache.org/surefire/maven-surefire-plugin/xsd/surefire-test-report.xsd" name="com.yogi.DSStackTest" time="0.007" tests="3" errors="0" skipped="0" failures="0">
  <properties>
[...]
</properties>
  <testcase name="workingScenario" classname="com.yogi.DSStackTest" time="0.001"/>
  <testcase name="underflowScenario" classname="com.yogi.DSStackTest" time="0.001"/>
  <testcase name="overflowScenario" classname="com.yogi.DSStackTest" time="0"/>
</testsuite>